0 info it worked if it ends with ok
1 verbose cli [ 'C:\\Program Files\\nodejs\\node.exe',
1 verbose cli   'C:\\Users\\Brad\\AppData\\Roaming\\npm\\node_modules\\npm\\bin\\npm-cli.js',
1 verbose cli   'start' ]
2 info using npm@3.10.8
3 info using node@v6.9.4
4 verbose run-script [ 'prestart', 'start', 'poststart' ]
5 info lifecycle sportsblog@1.0.0~prestart: sportsblog@1.0.0
6 silly lifecycle sportsblog@1.0.0~prestart: no script for prestart, continuing
7 info lifecycle sportsblog@1.0.0~start: sportsblog@1.0.0
8 verbose lifecycle sportsblog@1.0.0~start: unsafe-perm in lifecycle true
9 verbose lifecycle sportsblog@1.0.0~start: PATH: C:\Users\Brad\AppData\Roaming\npm\node_modules\npm\bin\node-gyp-bin;C:\projects\sportsblog\node_modules\.bin;C:\Users\Brad\bin;C:\Program Files\Git\mingw64\bin;C:\Program Files\Git\usr\local\bin;C:\Program Files\Git\usr\bin;C:\Program Files\Git\usr\bin;C:\Program Files\Git\mingw64\bin;C:\Program Files\Git\usr\bin;C:\Users\Brad\bin;C:\ProgramData\Oracle\Java\javapath;C:\Program Files (x86)\Intel\iCLS Client;C:\Program Files\Intel\iCLS Client;C:\Windows\system32;C:\Windows;C:\Windows\System32\Wbem;C:\Windows\System32\WindowsPowerShell\v1.0;C:\Program Files (x86)\Intel\Intel(R) Management Engine Components\DAL;C:\Program Files\Intel\Intel(R) Management Engine Components\DAL;C:\Program Files (x86)\Intel\Intel(R) Management Engine Components\IPT;C:\Program Files\Intel\Intel(R) Management Engine Components\IPT;C:\Program Files (x86)\NVIDIA Corporation\PhysX\Common;C:\Program Files (x86)\Common Files\Seagate\SnapAPI;C:\Users\Brad\.dnx\bin;C:\Program Files\Microsoft DNX\Dnvm;C:\WINDOWS\system32;C:\WINDOWS;C:\WINDOWS\System32\Wbem;C:\WINDOWS\System32\WindowsPowerShell\v1.0;C:\xampp\php;C:\ProgramData\ComposerSetup\bin;C:\Program Files (x86)\QuickTime\QTSystem;C:\Program Files\nodejs;C:\Program Files\Git\cmd;C:\Program Files\Git\mingw64\bin;C:\Program Files\Git\usr\bin;C:\RailsInstaller\Git\cmd;C:\RailsInstaller\Ruby2.2.0\bin;C:\Users\Brad\AppData\Local\.meteor;C:\Users\Brad\AppData\Local\Microsoft\WindowsApps;C:\Program Files (x86)\Microsoft VS Code\bin;C:\Users\Brad\AppData\Roaming\Composer\vendor\bin;C:\Users\Brad\AppData\Local\Android\sdk\platform-tools;C:\Users\Brad\AppData\Local\Android\sdk\tools;C:\Users\Brad\AppData\Roaming\npm;C:\Users\Brad\AppData\Local\atom\bin;C:\Program Files\Git\usr\bin\vendor_perl;C:\Program Files\Git\usr\bin\core_perl
10 verbose lifecycle sportsblog@1.0.0~start: CWD: C:\projects\sportsblog
11 silly lifecycle sportsblog@1.0.0~start: Args: [ '/d /s /c', 'node app' ]
12 silly lifecycle sportsblog@1.0.0~start: Returned: code: 1  signal: null
13 info lifecycle sportsblog@1.0.0~start: Failed to exec start script
14 verbose stack Error: sportsblog@1.0.0 start: `node app`
14 verbose stack Exit status 1
14 verbose stack     at EventEmitter.<anonymous> (C:\Users\Brad\AppData\Roaming\npm\node_modules\npm\lib\utils\lifecycle.js:255:16)
14 verbose stack     at emitTwo (events.js:106:13)
14 verbose stack     at EventEmitter.emit (events.js:191:7)
14 verbose stack     at ChildProcess.<anonymous> (C:\Users\Brad\AppData\Roaming\npm\node_modules\npm\lib\utils\spawn.js:40:14)
14 verbose stack     at emitTwo (events.js:106:13)
14 verbose stack     at ChildProcess.emit (events.js:191:7)
14 verbose stack     at maybeClose (internal/child_process.js:877:16)
14 verbose stack     at Process.ChildProcess._handle.onexit (internal/child_process.js:226:5)
15 verbose pkgid sportsblog@1.0.0
16 verbose cwd C:\projects\sportsblog
17 error Windows_NT 10.0.14393
18 error argv "C:\\Program Files\\nodejs\\node.exe" "C:\\Users\\Brad\\AppData\\Roaming\\npm\\node_modules\\npm\\bin\\npm-cli.js" "start"
19 error node v6.9.4
20 error npm  v3.10.8
21 error code ELIFECYCLE
22 error sportsblog@1.0.0 start: `node app`
22 error Exit status 1
23 error Failed at the sportsblog@1.0.0 start script 'node app'.
23 error Make sure you have the latest version of node.js and npm installed.
23 error If you do, this is most likely a problem with the sportsblog package,
23 error not with npm itself.
23 error Tell the author that this fails on your system:
23 error     node app
23 error You can get information on how to open an issue for this project with:
23 error     npm bugs sportsblog
23 error Or if that isn't available, you can get their info via:
23 error     npm owner ls sportsblog
23 error There is likely additional logging output above.
24 verbose exit [ 1, true ]
